0 info it worked if it ends with ok
1 verbose cli [ '/usr/local/Cellar/node/5.1.1/bin/node',
1 verbose cli   '/Users/jktunney/npm-global/bin/npm',
1 verbose cli   'start' ]
2 info using npm@3.8.2
3 info using node@v5.1.1
4 verbose stack Error: missing script: start
4 verbose stack     at run (/Users/jktunney/npm-global/lib/node_modules/npm/lib/run-script.js:147:19)
4 verbose stack     at /Users/jktunney/npm-global/lib/node_modules/npm/lib/run-script.js:57:5
4 verbose stack     at /Users/jktunney/npm-global/lib/node_modules/npm/node_modules/read-package-json/read-json.js:345:5
4 verbose stack     at checkBinReferences_ (/Users/jktunney/npm-global/lib/node_modules/npm/node_modules/read-package-json/read-json.js:309:45)
4 verbose stack     at final (/Users/jktunney/npm-global/lib/node_modules/npm/node_modules/read-package-json/read-json.js:343:3)
4 verbose stack     at then (/Users/jktunney/npm-global/lib/node_modules/npm/node_modules/read-package-json/read-json.js:113:5)
4 verbose stack     at /Users/jktunney/npm-global/lib/node_modules/npm/node_modules/read-package-json/read-json.js:300:12
4 verbose stack     at /Users/jktunney/npm-global/lib/node_modules/npm/node_modules/graceful-fs/graceful-fs.js:78:16
4 verbose stack     at tryToString (fs.js:414:3)
4 verbose stack     at FSReqWrap.readFileAfterClose [as oncomplete] (fs.js:401:12)
5 verbose cwd /Users/jktunney/coding/tuber
6 error Darwin 14.5.0
7 error argv "/usr/local/Cellar/node/5.1.1/bin/node" "/Users/jktunney/npm-global/bin/npm" "start"
8 error node v5.1.1
9 error npm  v3.8.2
10 error missing script: start
11 error If you need help, you may report this error at:
11 error     <https://github.com/npm/npm/issues>
12 verbose exit [ 1, true ]
